2016-04-13 11:49:05;s sent to ;84798248  at 84798248
2016-04-13 11:53:34;new chat started;84798248
2016-04-13 11:54:44;new chat started;84798248
2016-04-13 12:00:36;meteo sent to ;84798248  at 84798248
2016-04-13 12:00:54;vaffanculo from to ;84798248  at 84798248
2016-04-13 12:08:09;meteo sent to ;84798248     at 84798248
2016-04-13 12:08:18;numeri sent to ;84798248     at 84798248
2016-04-13 12:08:33;new user started;84798248;       
2016-04-13 12:08:33;new chat started;84798248
2016-04-13 12:12:10;luoghi sent to ;84798248     at 84798248
2016-04-13 12:12:15;Ricettivita' from to ;84798248     at 84798248
2016-04-13 12:12:24;Indietro sent to ;84798248     at 84798248
2016-04-13 12:12:29;Trasporti sent to ;84798248     at 84798248
2016-04-13 12:12:34;Indietro sent to ;84798248     at 84798248
2016-04-13 12:30:19;new chat started;84798248
2016-04-13 12:33:24;new chat started;84798248
2016-04-13 12:33:42;new user started;84798248;       
2016-04-13 12:33:42;new chat started;84798248
2016-04-13 15:30:47;new chat started;84798248
2016-04-22 10:26:52;meteo sent to ;84798248     at 84798248
2016-04-22 10:26:59;numeri sent to ;84798248     at 84798248
2016-04-22 10:27:07;eventi sent to ;84798248     at 84798248
1461283200;eventi oggi sent to ;84798248     at 84798248
2016-04-22 10:27:19;Indietro sent to ;84798248     at 84798248
2016-04-22 10:27:19;Indietro sent to ;84798248     at 84798248
2016-04-22 10:27:23;Indietro sent to ;84798248     at 84798248
2016-04-22 10:27:27;luoghi sent to ;84798248     at 84798248
2016-04-22 10:27:39;Culto sent to ;84798248     at 84798248
2016-04-22 10:28:06;Indietro sent to ;84798248     at 84798248
2016-04-22 10:36:41;Farmcaie from to ;84798248     at 84798248
2016-04-22 11:12:14; from to ;84798248     at 84798248
2016-04-22 11:12:48;Culto * 40.24713   16.809269 from to ;84798248     at 84798248
2016-04-22 11:13:07;Sanita' * 40.24713   16.809269 from to ;84798248     at 84798248
2016-04-22 11:13:10;Scuola * 40.24713   16.809269 from to ;84798248     at 84798248
2016-04-22 11:13:10;Attivita' Commerciali * 40.24713   16.809269 from to ;84798248     at 84798248
2016-04-22 11:13:10;Ricettivita' * 40.24713   16.809269 from to ;84798248     at 84798248
2016-04-22 11:13:14;Turismo * 40.24713   16.809269 from to ;84798248     at 84798248
2016-04-22 11:13:14;Indietro sent to ;84798248     at 84798248
2016-04-22 11:16:19;Segnala Disservizio from to ;84798248     at 84798248
2016-04-22 11:16:34;new chat started;84798248
2016-04-22 11:16:52;Ibus sent to ;84798248     at 84798248
2016-04-22 11:17:51; from to ;84798248     at 84798248
2016-04-22 11:18:10;Culto * 40.249632   16.699862 from to ;84798248     at 84798248
2016-04-22 11:24:05;Culto * 40.249632   16.699862 from to ;84798248     at 84798248
2016-04-22 11:24:05;Indietro sent to ;84798248     at 84798248
2016-04-22 11:24:17;Indietro sent to ;84798248     at 84798248
2016-04-22 11:24:21;Georadar sent to ;84798248     at 84798248
2016-04-22 11:25:10; from to ;84798248     at 84798248
2016-04-22 11:25:18;Georadar keyboard sent to ;84798248     at 84798248
2016-04-22 11:33:00;Indietro sent to ;84798248     at 84798248
2016-04-22 11:33:08;Georadar sent to ;84798248     at 84798248
2016-04-22 11:38:23; from to ;84798248     at 84798248
2016-04-22 11:39:12;Georadar keyboard sent to ;84798248     at 84798248
2016-04-22 11:54:03;Indietro sent to ;84798248     at 84798248
2016-04-22 11:54:34;Georadar sent to ;84798248     at 84798248
2016-04-22 11:55:33; from to ;84798248     at 84798248
2016-04-22 11:55:44;Georadar keyboard sent to ;84798248     at 84798248
2016-04-22 11:56:00;Georadar keyboard sent to ;84798248     at 84798248
2016-04-22 12:00:19;Georadar keyboard sent to ;84798248     at 84798248
2016-04-22 12:00:53;Indietro sent to ;84798248     at 84798248
2016-04-22 12:01:57;Georadar sent to ;84798248     at 84798248
2016-04-22 12:02:11; from to ;84798248     at 84798248
2016-04-22 12:02:20;Georadar keyboard sent to ;84798248     at 84798248
2016-04-22 12:03:48;Georadar keyboard sent to ;84798248     at 84798248
2016-04-22 12:05:14;Georadar keyboard sent to ;84798248     at 84798248
2016-04-22 12:06:49;Indietro sent to ;84798248     at 84798248
2016-04-22 12:08:21;Georadar sent to ;84798248     at 84798248
2016-04-22 12:09:18; from to ;84798248     at 84798248
2016-04-22 12:09:28;Georadar keyboard sent to ;84798248     at 84798248
2016-04-22 12:11:47;Indietro sent to ;84798248     at 84798248
2016-04-22 12:12:22; from to ;84798248     at 84798248
2016-04-22 12:12:28;Georadar keyboard sent to ;84798248     at 84798248
2016-04-22 12:13:14;Georadar keyboard sent to ;84798248     at 84798248
2016-04-22 12:15:34;Georadar keyboard sent to ;84798248     at 84798248
2016-04-22 12:19:40;Georadar keyboard sent to ;84798248     at 84798248
2016-04-22 12:21:39;Georadar keyboard sent to ;84798248     at 84798248
2016-04-22 12:23:35;Georadar keyboard sent to ;84798248     at 84798248
2016-04-22 12:26:59;Georadar keyboard sent to ;84798248     at 84798248
2016-04-22 12:28:40;Georadar keyboard sent to ;84798248     at 84798248
2016-04-22 12:29:57;Georadar keyboard sent to ;84798248     at 84798248
2016-04-22 12:33:33;Georadar keyboard sent to ;84798248     at 84798248
2016-04-22 12:37:47;Georadar keyboard sent to ;84798248     at 84798248
2016-04-22 12:40:24;Georadar keyboard sent to ;84798248     at 84798248
2016-04-22 12:47:35;Georadar keyboard sent to ;84798248     at 84798248
2016-04-22 12:54:00;Georadar keyboard sent to ;84798248     at 84798248
2016-04-22 13:23:01;Georadar keyboard sent to ;84798248     at 84798248
